# JRE version: OpenJDK Runtime Environment AdoptOpenJDK-11.0.11+9 (11.0.11+9) (build 11.0.11+9)
# Java VM: OpenJDK 64-Bit Server VM AdoptOpenJDK-11.0.11+9 (11.0.11+9, mixed mode, tiered, compressed oops, g1 gc, windows-amd64)
Heap:
 garbage-first heap   total 258048K, used 76724K [0x0000000705e00000, 0x0000000800000000)
  region size 1024K, 69 young (70656K), 3 survivors (3072K)
 Metaspace       used 50377K, capacity 52749K, committed 52992K, reserved 1093632K
  class space    used 7070K, capacity 8400K, committed 8448K, reserved 1048576K
GC Heap History (8 events):
Event: 0.472 GC heap before
{Heap before GC invocations=0 (full 0):
 garbage-first heap   total 258048K, used 23552K [0x0000000705e00000, 0x0000000800000000)
  region size 1024K, 24 young (24576K), 0 survivors (0K)
 Metaspace       used 12299K, capacity 12674K, committed 12800K, reserved 1060864K
  class space    used 1182K, capacity 1266K, committed 1280K, reserved 1048576K
}
Event: 0.475 GC heap after
{Heap after GC invocations=1 (full 0):
 garbage-first heap   total 258048K, used 4450K [0x0000000705e00000, 0x0000000800000000)
  region size 1024K, 3 young (3072K), 3 survivors (3072K)
 Metaspace       used 12299K, capacity 12674K, committed 12800K, reserved 1060864K
  class space    used 1182K, capacity 1266K, committed 1280K, reserved 1048576K
}
Event: 0.818 GC heap before
{Heap before GC invocations=1 (full 0):
 garbage-first heap   total 258048K, used 46434K [0x0000000705e00000, 0x0000000800000000)
  region size 1024K, 46 young (47104K), 3 survivors (3072K)
 Metaspace       used 20585K, capacity 21150K, committed 21296K, reserved 1069056K
  class space    used 2287K, capacity 2461K, committed 2560K, reserved 1048576K
}
Event: 0.823 GC heap after
{Heap after GC invocations=2 (full 0):
 garbage-first heap   total 258048K, used 7735K [0x0000000705e00000, 0x0000000800000000)
  region size 1024K, 7 young (7168K), 7 survivors (7168K)
 Metaspace       used 20585K, capacity 21150K, committed 21296K, reserved 1069056K
  class space    used 2287K, capacity 2461K, committed 2560K, reserved 1048576K
}
Event: 1.084 GC heap before
{Heap before GC invocations=3 (full 0):
 garbage-first heap   total 258048K, used 57911K [0x0000000705e00000, 0x0000000800000000)
  region size 1024K, 57 young (58368K), 7 survivors (7168K)
 Metaspace       used 34161K, capacity 35317K, committed 35456K, reserved 1079296K
  class space    used 4158K, capacity 4660K, committed 4736K, reserved 1048576K
}
Event: 1.087 GC heap after
{Heap after GC invocations=4 (full 0):
 garbage-first heap   total 258048K, used 10131K [0x0000000705e00000, 0x0000000800000000)
  region size 1024K, 3 young (3072K), 3 survivors (3072K)
 Metaspace       used 34161K, capacity 35317K, committed 35456K, reserved 1079296K
  class space    used 4158K, capacity 4660K, committed 4736K, reserved 1048576K
}
Event: 1.099 GC heap before
{Heap before GC invocations=4 (full 0):
 garbage-first heap   total 258048K, used 13203K [0x0000000705e00000, 0x0000000800000000)
  region size 1024K, 7 young (7168K), 3 survivors (3072K)
 Metaspace       used 34658K, capacity 35802K, committed 36176K, reserved 1081344K
  class space    used 4241K, capacity 4755K, committed 4864K, reserved 1048576K
}
Event: 1.100 GC heap after
{Heap after GC invocations=5 (full 0):
 garbage-first heap   total 258048K, used 10164K [0x0000000705e00000, 0x0000000800000000)
  region size 1024K, 3 young (3072K), 3 survivors (3072K)
 Metaspace       used 34658K, capacity 35802K, committed 36176K, reserved 1081344K
  class space    used 4241K, capacity 4755K, committed 4864K, reserved 1048576K
}

